CRITICAL - 2025-07-24 08:00:36 --> Trying to access array offset on value of type null
in APPPATH\Controllers\Teams.php on line 26.
 1 APPPATH\Controllers\Teams.php(26): CodeIgniter\Debug\Exceptions->errorHandler(2, 'Trying to access array offset on value of type null', 'C:\\xampp\\htdocs\\apps\\gest_atletas\\app\\Controllers\\Teams.php', 26)
 2 SYSTEMPATH\CodeIgniter.php(919): App\Controllers\Teams->index()
 3 SYSTEMPATH\CodeIgniter.php(494): CodeIgniter\CodeIgniter->runController(Object(App\Controllers\Teams))
 4 SYSTEMPATH\CodeIgniter.php(353): CodeIgniter\CodeIgniter->handleRequest(null, Object(Config\Cache), false)
 5 FCPATH\index.php(79): CodeIgniter\CodeIgniter->run()
CRITICAL - 2025-07-24 09:06:29 --> App\Controllers\Dashboard::index(): Return value must be of type string, none returned
in APPPATH\Controllers\Dashboard.php on line 46.
 1 SYSTEMPATH\CodeIgniter.php(919): App\Controllers\Dashboard->index()
 2 SYSTEMPATH\CodeIgniter.php(494): CodeIgniter\CodeIgniter->runController(Object(App\Controllers\Dashboard))
 3 SYSTEMPATH\CodeIgniter.php(353): CodeIgniter\CodeIgniter->handleRequest(null, Object(Config\Cache), false)
 4 FCPATH\index.php(79): CodeIgniter\CodeIgniter->run()
CRITICAL - 2025-07-24 09:31:21 --> Updates are not allowed unless they contain a "where" or "like" clause.
in SYSTEMPATH\Model.php on line 380.
 1 SYSTEMPATH\BaseModel.php(949): CodeIgniter\Model->doUpdate(null, [...])
 2 SYSTEMPATH\Model.php(776): CodeIgniter\BaseModel->update(null, [...])
 3 APPPATH\Controllers\Users.php(263): CodeIgniter\Model->update(null, [...])
 4 SYSTEMPATH\CodeIgniter.php(919): App\Controllers\Users->update_photo()
 5 SYSTEMPATH\CodeIgniter.php(494): CodeIgniter\CodeIgniter->runController(Object(App\Controllers\Users))
 6 SYSTEMPATH\CodeIgniter.php(353): CodeIgniter\CodeIgniter->handleRequest(null, Object(Config\Cache), false)
 7 FCPATH\index.php(79): CodeIgniter\CodeIgniter->run()
CRITICAL - 2025-07-24 09:32:01 --> Updates are not allowed unless they contain a "where" or "like" clause.
in SYSTEMPATH\Model.php on line 380.
 1 SYSTEMPATH\BaseModel.php(949): CodeIgniter\Model->doUpdate(null, [...])
 2 SYSTEMPATH\Model.php(776): CodeIgniter\BaseModel->update(null, [...])
 3 APPPATH\Controllers\Users.php(263): CodeIgniter\Model->update(null, [...])
 4 SYSTEMPATH\CodeIgniter.php(919): App\Controllers\Users->update_photo()
 5 SYSTEMPATH\CodeIgniter.php(494): CodeIgniter\CodeIgniter->runController(Object(App\Controllers\Users))
 6 SYSTEMPATH\CodeIgniter.php(353): CodeIgniter\CodeIgniter->handleRequest(null, Object(Config\Cache), false)
 7 FCPATH\index.php(79): CodeIgniter\CodeIgniter->run()
CRITICAL - 2025-07-24 09:36:50 --> Invalid file: "jugadores/index.php"
in SYSTEMPATH\Exceptions\FrameworkException.php on line 39.
 1 SYSTEMPATH\View\View.php(214): CodeIgniter\Exceptions\FrameworkException::forInvalidFile('jugadores/index.php')
 2 SYSTEMPATH\Common.php(1188): CodeIgniter\View\View->render('jugadores/index', [], true)
 3 APPPATH\Controllers\Players.php(32): view('jugadores/index', [...])
 4 SYSTEMPATH\CodeIgniter.php(919): App\Controllers\Players->index()
 5 SYSTEMPATH\CodeIgniter.php(494): CodeIgniter\CodeIgniter->runController(Object(App\Controllers\Players))
 6 SYSTEMPATH\CodeIgniter.php(353): CodeIgniter\CodeIgniter->handleRequest(null, Object(Config\Cache), false)
 7 FCPATH\index.php(79): CodeIgniter\CodeIgniter->run()
CRITICAL - 2025-07-24 09:41:15 --> Undefined array key "club_nombre"
in APPPATH\Views\players\index.php on line 94.
 1 APPPATH\Views\players\index.php(94): CodeIgniter\Debug\Exceptions->errorHandler(2, 'Undefined array key "club_nombre"', 'C:\\xampp\\htdocs\\apps\\gest_atletas\\app\\Views\\players\\index.php', 94)
 2 SYSTEMPATH\View\View.php(226): include('C:\\xampp\\htdocs\\apps\\gest_atletas\\app\\Views\\players\\index.php')
 3 SYSTEMPATH\View\View.php(229): CodeIgniter\View\View->CodeIgniter\View\{closure}()
 4 SYSTEMPATH\Common.php(1188): CodeIgniter\View\View->render('players/index', [], true)
 5 APPPATH\Controllers\Players.php(32): view('players/index', [...])
 6 SYSTEMPATH\CodeIgniter.php(919): App\Controllers\Players->index()
 7 SYSTEMPATH\CodeIgniter.php(494): CodeIgniter\CodeIgniter->runController(Object(App\Controllers\Players))
 8 SYSTEMPATH\CodeIgniter.php(353): CodeIgniter\CodeIgniter->handleRequest(null, Object(Config\Cache), false)
 9 FCPATH\index.php(79): CodeIgniter\CodeIgniter->run()
CRITICAL - 2025-07-24 09:43:33 --> Undefined array key "club_nombre"
in APPPATH\Views\players\index.php on line 94.
 1 APPPATH\Views\players\index.php(94): CodeIgniter\Debug\Exceptions->errorHandler(2, 'Undefined array key "club_nombre"', 'C:\\xampp\\htdocs\\apps\\gest_atletas\\app\\Views\\players\\index.php', 94)
 2 SYSTEMPATH\View\View.php(226): include('C:\\xampp\\htdocs\\apps\\gest_atletas\\app\\Views\\players\\index.php')
 3 SYSTEMPATH\View\View.php(229): CodeIgniter\View\View->CodeIgniter\View\{closure}()
 4 SYSTEMPATH\Common.php(1188): CodeIgniter\View\View->render('players/index', [], true)
 5 APPPATH\Controllers\Players.php(32): view('players/index', [...])
 6 SYSTEMPATH\CodeIgniter.php(919): App\Controllers\Players->index()
 7 SYSTEMPATH\CodeIgniter.php(494): CodeIgniter\CodeIgniter->runController(Object(App\Controllers\Players))
 8 SYSTEMPATH\CodeIgniter.php(353): CodeIgniter\CodeIgniter->handleRequest(null, Object(Config\Cache), false)
 9 FCPATH\index.php(79): CodeIgniter\CodeIgniter->run()
CRITICAL - 2025-07-24 09:43:38 --> Undefined array key "club_nombre"
in APPPATH\Views\players\index.php on line 94.
 1 APPPATH\Views\players\index.php(94): CodeIgniter\Debug\Exceptions->errorHandler(2, 'Undefined array key "club_nombre"', 'C:\\xampp\\htdocs\\apps\\gest_atletas\\app\\Views\\players\\index.php', 94)
 2 SYSTEMPATH\View\View.php(226): include('C:\\xampp\\htdocs\\apps\\gest_atletas\\app\\Views\\players\\index.php')
 3 SYSTEMPATH\View\View.php(229): CodeIgniter\View\View->CodeIgniter\View\{closure}()
 4 SYSTEMPATH\Common.php(1188): CodeIgniter\View\View->render('players/index', [], true)
 5 APPPATH\Controllers\Players.php(32): view('players/index', [...])
 6 SYSTEMPATH\CodeIgniter.php(919): App\Controllers\Players->index()
 7 SYSTEMPATH\CodeIgniter.php(494): CodeIgniter\CodeIgniter->runController(Object(App\Controllers\Players))
 8 SYSTEMPATH\CodeIgniter.php(353): CodeIgniter\CodeIgniter->handleRequest(null, Object(Config\Cache), false)
 9 FCPATH\index.php(79): CodeIgniter\CodeIgniter->run()
CRITICAL - 2025-07-24 09:43:40 --> Undefined array key "club_nombre"
in APPPATH\Views\players\index.php on line 94.
 1 APPPATH\Views\players\index.php(94): CodeIgniter\Debug\Exceptions->errorHandler(2, 'Undefined array key "club_nombre"', 'C:\\xampp\\htdocs\\apps\\gest_atletas\\app\\Views\\players\\index.php', 94)
 2 SYSTEMPATH\View\View.php(226): include('C:\\xampp\\htdocs\\apps\\gest_atletas\\app\\Views\\players\\index.php')
 3 SYSTEMPATH\View\View.php(229): CodeIgniter\View\View->CodeIgniter\View\{closure}()
 4 SYSTEMPATH\Common.php(1188): CodeIgniter\View\View->render('players/index', [], true)
 5 APPPATH\Controllers\Players.php(32): view('players/index', [...])
 6 SYSTEMPATH\CodeIgniter.php(919): App\Controllers\Players->index()
 7 SYSTEMPATH\CodeIgniter.php(494): CodeIgniter\CodeIgniter->runController(Object(App\Controllers\Players))
 8 SYSTEMPATH\CodeIgniter.php(353): CodeIgniter\CodeIgniter->handleRequest(null, Object(Config\Cache), false)
 9 FCPATH\index.php(79): CodeIgniter\CodeIgniter->run()
CRITICAL - 2025-07-24 09:45:22 --> Undefined array key "anio_fundacion"
in APPPATH\Views\players\index.php on line 95.
 1 APPPATH\Views\players\index.php(95): CodeIgniter\Debug\Exceptions->errorHandler(2, 'Undefined array key "anio_fundacion"', 'C:\\xampp\\htdocs\\apps\\gest_atletas\\app\\Views\\players\\index.php', 95)
 2 SYSTEMPATH\View\View.php(226): include('C:\\xampp\\htdocs\\apps\\gest_atletas\\app\\Views\\players\\index.php')
 3 SYSTEMPATH\View\View.php(229): CodeIgniter\View\View->CodeIgniter\View\{closure}()
 4 SYSTEMPATH\Common.php(1188): CodeIgniter\View\View->render('players/index', [], true)
 5 APPPATH\Controllers\Players.php(33): view('players/index', [...])
 6 SYSTEMPATH\CodeIgniter.php(919): App\Controllers\Players->index()
 7 SYSTEMPATH\CodeIgniter.php(494): CodeIgniter\CodeIgniter->runController(Object(App\Controllers\Players))
 8 SYSTEMPATH\CodeIgniter.php(353): CodeIgniter\CodeIgniter->handleRequest(null, Object(Config\Cache), false)
 9 FCPATH\index.php(79): CodeIgniter\CodeIgniter->run()
CRITICAL - 2025-07-24 09:47:17 --> Undefined array key "club_ciudad"
in APPPATH\Views\players\index.php on line 95.
 1 APPPATH\Views\players\index.php(95): CodeIgniter\Debug\Exceptions->errorHandler(2, 'Undefined array key "club_ciudad"', 'C:\\xampp\\htdocs\\apps\\gest_atletas\\app\\Views\\players\\index.php', 95)
 2 SYSTEMPATH\View\View.php(226): include('C:\\xampp\\htdocs\\apps\\gest_atletas\\app\\Views\\players\\index.php')
 3 SYSTEMPATH\View\View.php(229): CodeIgniter\View\View->CodeIgniter\View\{closure}()
 4 SYSTEMPATH\Common.php(1188): CodeIgniter\View\View->render('players/index', [], true)
 5 APPPATH\Controllers\Players.php(33): view('players/index', [...])
 6 SYSTEMPATH\CodeIgniter.php(919): App\Controllers\Players->index()
 7 SYSTEMPATH\CodeIgniter.php(494): CodeIgniter\CodeIgniter->runController(Object(App\Controllers\Players))
 8 SYSTEMPATH\CodeIgniter.php(353): CodeIgniter\CodeIgniter->handleRequest(null, Object(Config\Cache), false)
 9 FCPATH\index.php(79): CodeIgniter\CodeIgniter->run()
CRITICAL - 2025-07-24 09:47:19 --> Undefined array key "club_ciudad"
in APPPATH\Views\players\index.php on line 95.
 1 APPPATH\Views\players\index.php(95): CodeIgniter\Debug\Exceptions->errorHandler(2, 'Undefined array key "club_ciudad"', 'C:\\xampp\\htdocs\\apps\\gest_atletas\\app\\Views\\players\\index.php', 95)
 2 SYSTEMPATH\View\View.php(226): include('C:\\xampp\\htdocs\\apps\\gest_atletas\\app\\Views\\players\\index.php')
 3 SYSTEMPATH\View\View.php(229): CodeIgniter\View\View->CodeIgniter\View\{closure}()
 4 SYSTEMPATH\Common.php(1188): CodeIgniter\View\View->render('players/index', [], true)
 5 APPPATH\Controllers\Players.php(33): view('players/index', [...])
 6 SYSTEMPATH\CodeIgniter.php(919): App\Controllers\Players->index()
 7 SYSTEMPATH\CodeIgniter.php(494): CodeIgniter\CodeIgniter->runController(Object(App\Controllers\Players))
 8 SYSTEMPATH\CodeIgniter.php(353): CodeIgniter\CodeIgniter->handleRequest(null, Object(Config\Cache), false)
 9 FCPATH\index.php(79): CodeIgniter\CodeIgniter->run()
CRITICAL - 2025-07-24 09:47:22 --> Undefined array key "club_ciudad"
in APPPATH\Views\players\index.php on line 95.
 1 APPPATH\Views\players\index.php(95): CodeIgniter\Debug\Exceptions->errorHandler(2, 'Undefined array key "club_ciudad"', 'C:\\xampp\\htdocs\\apps\\gest_atletas\\app\\Views\\players\\index.php', 95)
 2 SYSTEMPATH\View\View.php(226): include('C:\\xampp\\htdocs\\apps\\gest_atletas\\app\\Views\\players\\index.php')
 3 SYSTEMPATH\View\View.php(229): CodeIgniter\View\View->CodeIgniter\View\{closure}()
 4 SYSTEMPATH\Common.php(1188): CodeIgniter\View\View->render('players/index', [], true)
 5 APPPATH\Controllers\Players.php(33): view('players/index', [...])
 6 SYSTEMPATH\CodeIgniter.php(919): App\Controllers\Players->index()
 7 SYSTEMPATH\CodeIgniter.php(494): CodeIgniter\CodeIgniter->runController(Object(App\Controllers\Players))
 8 SYSTEMPATH\CodeIgniter.php(353): CodeIgniter\CodeIgniter->handleRequest(null, Object(Config\Cache), false)
 9 FCPATH\index.php(79): CodeIgniter\CodeIgniter->run()
CRITICAL - 2025-07-24 10:21:07 --> Trying to access array offset on value of type null
in APPPATH\Views\teams\single.php on line 146.
 1 APPPATH\Views\teams\single.php(146): CodeIgniter\Debug\Exceptions->errorHandler(2, 'Trying to access array offset on value of type null', 'C:\\xampp\\htdocs\\apps\\gest_atletas\\app\\Views\\teams\\single.php', 146)
 2 SYSTEMPATH\View\View.php(226): include('C:\\xampp\\htdocs\\apps\\gest_atletas\\app\\Views\\teams\\single.php')
 3 SYSTEMPATH\View\View.php(229): CodeIgniter\View\View->CodeIgniter\View\{closure}()
 4 SYSTEMPATH\Common.php(1188): CodeIgniter\View\View->render('teams/single', [], true)
 5 APPPATH\Controllers\Teams.php(45): view('teams/single', [...])
 6 SYSTEMPATH\CodeIgniter.php(919): App\Controllers\Teams->single()
 7 SYSTEMPATH\CodeIgniter.php(494): CodeIgniter\CodeIgniter->runController(Object(App\Controllers\Teams))
 8 SYSTEMPATH\CodeIgniter.php(353): CodeIgniter\CodeIgniter->handleRequest(null, Object(Config\Cache), false)
 9 FCPATH\index.php(79): CodeIgniter\CodeIgniter->run()
CRITICAL - 2025-07-24 10:22:47 --> Cannot use object of type App\Models\TeamsModel as array
in APPPATH\Views\teams\single.php on line 65.
 1 SYSTEMPATH\View\View.php(226): include()
 2 SYSTEMPATH\View\View.php(229): CodeIgniter\View\View->CodeIgniter\View\{closure}()
 3 SYSTEMPATH\Common.php(1188): CodeIgniter\View\View->render('teams/single', [], true)
 4 APPPATH\Controllers\Teams.php(45): view('teams/single', [...])
 5 SYSTEMPATH\CodeIgniter.php(919): App\Controllers\Teams->single()
 6 SYSTEMPATH\CodeIgniter.php(494): CodeIgniter\CodeIgniter->runController(Object(App\Controllers\Teams))
 7 SYSTEMPATH\CodeIgniter.php(353): CodeIgniter\CodeIgniter->handleRequest(null, Object(Config\Cache), false)
 8 FCPATH\index.php(79): CodeIgniter\CodeIgniter->run()
CRITICAL - 2025-07-24 10:40:13 --> Attempt to read property "nombre_club" on array
in APPPATH\Views\teams\single.php on line 65.
 1 APPPATH\Views\teams\single.php(65): CodeIgniter\Debug\Exceptions->errorHandler(2, 'Attempt to read property "nombre_club" on array', 'C:\\xampp\\htdocs\\apps\\gest_atletas\\app\\Views\\teams\\single.php', 65)
 2 SYSTEMPATH\View\View.php(226): include('C:\\xampp\\htdocs\\apps\\gest_atletas\\app\\Views\\teams\\single.php')
 3 SYSTEMPATH\View\View.php(229): CodeIgniter\View\View->CodeIgniter\View\{closure}()
 4 SYSTEMPATH\Common.php(1188): CodeIgniter\View\View->render('teams/single', [], true)
 5 APPPATH\Controllers\Teams.php(62): view('teams/single', [...])
 6 SYSTEMPATH\CodeIgniter.php(919): App\Controllers\Teams->single()
 7 SYSTEMPATH\CodeIgniter.php(494): CodeIgniter\CodeIgniter->runController(Object(App\Controllers\Teams))
 8 SYSTEMPATH\CodeIgniter.php(353): CodeIgniter\CodeIgniter->handleRequest(null, Object(Config\Cache), false)
 9 FCPATH\index.php(79): CodeIgniter\CodeIgniter->run()
CRITICAL - 2025-07-24 10:44:08 --> Undefined array key "email"
in APPPATH\Views\teams\single.php on line 74.
 1 APPPATH\Views\teams\single.php(74): CodeIgniter\Debug\Exceptions->errorHandler(2, 'Undefined array key "email"', 'C:\\xampp\\htdocs\\apps\\gest_atletas\\app\\Views\\teams\\single.php', 74)
 2 SYSTEMPATH\View\View.php(226): include('C:\\xampp\\htdocs\\apps\\gest_atletas\\app\\Views\\teams\\single.php')
 3 SYSTEMPATH\View\View.php(229): CodeIgniter\View\View->CodeIgniter\View\{closure}()
 4 SYSTEMPATH\Common.php(1188): CodeIgniter\View\View->render('teams/single', [], true)
 5 APPPATH\Controllers\Teams.php(62): view('teams/single', [...])
 6 SYSTEMPATH\CodeIgniter.php(919): App\Controllers\Teams->single()
 7 SYSTEMPATH\CodeIgniter.php(494): CodeIgniter\CodeIgniter->runController(Object(App\Controllers\Teams))
 8 SYSTEMPATH\CodeIgniter.php(353): CodeIgniter\CodeIgniter->handleRequest(null, Object(Config\Cache), false)
 9 FCPATH\index.php(79): CodeIgniter\CodeIgniter->run()
CRITICAL - 2025-07-24 10:48:10 --> Undefined array key "ciuadad"
in APPPATH\Views\teams\single.php on line 105.
 1 APPPATH\Views\teams\single.php(105): CodeIgniter\Debug\Exceptions->errorHandler(2, 'Undefined array key "ciuadad"', 'C:\\xampp\\htdocs\\apps\\gest_atletas\\app\\Views\\teams\\single.php', 105)
 2 SYSTEMPATH\View\View.php(226): include('C:\\xampp\\htdocs\\apps\\gest_atletas\\app\\Views\\teams\\single.php')
 3 SYSTEMPATH\View\View.php(229): CodeIgniter\View\View->CodeIgniter\View\{closure}()
 4 SYSTEMPATH\Common.php(1188): CodeIgniter\View\View->render('teams/single', [], true)
 5 APPPATH\Controllers\Teams.php(62): view('teams/single', [...])
 6 SYSTEMPATH\CodeIgniter.php(919): App\Controllers\Teams->single()
 7 SYSTEMPATH\CodeIgniter.php(494): CodeIgniter\CodeIgniter->runController(Object(App\Controllers\Teams))
 8 SYSTEMPATH\CodeIgniter.php(353): CodeIgniter\CodeIgniter->handleRequest(null, Object(Config\Cache), false)
 9 FCPATH\index.php(79): CodeIgniter\CodeIgniter->run()
CRITICAL - 2025-07-24 10:53:53 --> Undefined array key "club_nombre"
in APPPATH\Views\teams\single.php on line 167.
 1 APPPATH\Views\teams\single.php(167): CodeIgniter\Debug\Exceptions->errorHandler(2, 'Undefined array key "club_nombre"', 'C:\\xampp\\htdocs\\apps\\gest_atletas\\app\\Views\\teams\\single.php', 167)
 2 SYSTEMPATH\View\View.php(226): include('C:\\xampp\\htdocs\\apps\\gest_atletas\\app\\Views\\teams\\single.php')
 3 SYSTEMPATH\View\View.php(229): CodeIgniter\View\View->CodeIgniter\View\{closure}()
 4 SYSTEMPATH\Common.php(1188): CodeIgniter\View\View->render('teams/single', [], true)
 5 APPPATH\Controllers\Teams.php(62): view('teams/single', [...])
 6 SYSTEMPATH\CodeIgniter.php(919): App\Controllers\Teams->single()
 7 SYSTEMPATH\CodeIgniter.php(494): CodeIgniter\CodeIgniter->runController(Object(App\Controllers\Teams))
 8 SYSTEMPATH\CodeIgniter.php(353): CodeIgniter\CodeIgniter->handleRequest(null, Object(Config\Cache), false)
 9 FCPATH\index.php(79): CodeIgniter\CodeIgniter->run()
CRITICAL - 2025-07-24 10:54:40 --> Undefined array key "club_nombre"
in APPPATH\Views\teams\single.php on line 167.
 1 APPPATH\Views\teams\single.php(167): CodeIgniter\Debug\Exceptions->errorHandler(2, 'Undefined array key "club_nombre"', 'C:\\xampp\\htdocs\\apps\\gest_atletas\\app\\Views\\teams\\single.php', 167)
 2 SYSTEMPATH\View\View.php(226): include('C:\\xampp\\htdocs\\apps\\gest_atletas\\app\\Views\\teams\\single.php')
 3 SYSTEMPATH\View\View.php(229): CodeIgniter\View\View->CodeIgniter\View\{closure}()
 4 SYSTEMPATH\Common.php(1188): CodeIgniter\View\View->render('teams/single', [], true)
 5 APPPATH\Controllers\Teams.php(62): view('teams/single', [...])
 6 SYSTEMPATH\CodeIgniter.php(919): App\Controllers\Teams->single()
 7 SYSTEMPATH\CodeIgniter.php(494): CodeIgniter\CodeIgniter->runController(Object(App\Controllers\Teams))
 8 SYSTEMPATH\CodeIgniter.php(353): CodeIgniter\CodeIgniter->handleRequest(null, Object(Config\Cache), false)
 9 FCPATH\index.php(79): CodeIgniter\CodeIgniter->run()
CRITICAL - 2025-07-24 11:14:08 --> Updates are not allowed unless they contain a "where" or "like" clause.
in SYSTEMPATH\Model.php on line 380.
 1 SYSTEMPATH\BaseModel.php(949): CodeIgniter\Model->doUpdate(null, [...])
 2 SYSTEMPATH\Model.php(776): CodeIgniter\BaseModel->update(null, [...])
 3 APPPATH\Controllers\Users.php(263): CodeIgniter\Model->update(null, [...])
 4 SYSTEMPATH\CodeIgniter.php(919): App\Controllers\Users->update_photo()
 5 SYSTEMPATH\CodeIgniter.php(494): CodeIgniter\CodeIgniter->runController(Object(App\Controllers\Users))
 6 SYSTEMPATH\CodeIgniter.php(353): CodeIgniter\CodeIgniter->handleRequest(null, Object(Config\Cache), false)
 7 FCPATH\index.php(79): CodeIgniter\CodeIgniter->run()
CRITICAL - 2025-07-24 11:14:12 --> Updates are not allowed unless they contain a "where" or "like" clause.
in SYSTEMPATH\Model.php on line 380.
 1 SYSTEMPATH\BaseModel.php(949): CodeIgniter\Model->doUpdate(null, [...])
 2 SYSTEMPATH\Model.php(776): CodeIgniter\BaseModel->update(null, [...])
 3 APPPATH\Controllers\Users.php(263): CodeIgniter\Model->update(null, [...])
 4 SYSTEMPATH\CodeIgniter.php(919): App\Controllers\Users->update_photo()
 5 SYSTEMPATH\CodeIgniter.php(494): CodeIgniter\CodeIgniter->runController(Object(App\Controllers\Users))
 6 SYSTEMPATH\CodeIgniter.php(353): CodeIgniter\CodeIgniter->handleRequest(null, Object(Config\Cache), false)
 7 FCPATH\index.php(79): CodeIgniter\CodeIgniter->run()
CRITICAL - 2025-07-24 13:34:16 --> Undefined variable $labels
in APPPATH\Views\dashboard.php on line 204.
 1 APPPATH\Views\dashboard.php(204): CodeIgniter\Debug\Exceptions->errorHandler(2, 'Undefined variable $labels', 'C:\\xampp\\htdocs\\apps\\gest_atletas\\app\\Views\\dashboard.php', 204)
 2 SYSTEMPATH\View\View.php(226): include('C:\\xampp\\htdocs\\apps\\gest_atletas\\app\\Views\\dashboard.php')
 3 SYSTEMPATH\View\View.php(229): CodeIgniter\View\View->CodeIgniter\View\{closure}()
 4 SYSTEMPATH\Common.php(1188): CodeIgniter\View\View->render('dashboard', [], true)
 5 APPPATH\Controllers\Dashboard.php(60): view('dashboard', [...])
 6 SYSTEMPATH\CodeIgniter.php(919): App\Controllers\Dashboard->index()
 7 SYSTEMPATH\CodeIgniter.php(494): CodeIgniter\CodeIgniter->runController(Object(App\Controllers\Dashboard))
 8 SYSTEMPATH\CodeIgniter.php(353): CodeIgniter\CodeIgniter->handleRequest(null, Object(Config\Cache), false)
 9 FCPATH\index.php(79): CodeIgniter\CodeIgniter->run()
CRITICAL - 2025-07-24 14:06:00 --> syntax error, unexpected token ";"
in APPPATH\Views\teams\generate_list.php on line 132.
 1 SYSTEMPATH\View\View.php(229): CodeIgniter\View\View->CodeIgniter\View\{closure}()
 2 SYSTEMPATH\Common.php(1188): CodeIgniter\View\View->render('teams/generate_list', [], true)
 3 APPPATH\Controllers\Teams.php(150): view('teams/generate_list')
 4 SYSTEMPATH\CodeIgniter.php(919): App\Controllers\Teams->generate_list()
 5 SYSTEMPATH\CodeIgniter.php(494): CodeIgniter\CodeIgniter->runController(Object(App\Controllers\Teams))
 6 SYSTEMPATH\CodeIgniter.php(353): CodeIgniter\CodeIgniter->handleRequest(null, Object(Config\Cache), false)
 7 FCPATH\index.php(79): CodeIgniter\CodeIgniter->run()
