CRITICAL - 2025-01-20 15:08:37 --> Undefined variable $typeFiles
in APPPATH\Views\files\downloads.php on line 33.
 1 APPPATH\Views\files\downloads.php(33): CodeIgniter\Debug\Exceptions->errorHandler(2, 'Undefined variable $typeFiles', 'C:\\xampp\\htdocs\\apps\\app-liquidaciones\\app\\Views\\files\\downloads.php', 33)
 2 SYSTEMPATH\View\View.php(226): include('C:\\xampp\\htdocs\\apps\\app-liquidaciones\\app\\Views\\files\\downloads.php')
 3 SYSTEMPATH\View\View.php(229): CodeIgniter\View\View->CodeIgniter\View\{closure}()
 4 SYSTEMPATH\Common.php(1188): CodeIgniter\View\View->render('files/downloads', [], true)
 5 APPPATH\Controllers\FileController.php(28): view('files/downloads', [...])
 6 SYSTEMPATH\CodeIgniter.php(919): App\Controllers\FileController->index()
 7 SYSTEMPATH\CodeIgniter.php(494): CodeIgniter\CodeIgniter->runController(Object(App\Controllers\FileController))
 8 SYSTEMPATH\CodeIgniter.php(353): CodeIgniter\CodeIgniter->handleRequest(null, Object(Config\Cache), false)
 9 FCPATH\index.php(79): CodeIgniter\CodeIgniter->run()
CRITICAL - 2025-01-20 15:21:36 --> Undefined array key "category_id"
in APPPATH\Views\files\downloads.php on line 36.
 1 APPPATH\Views\files\downloads.php(36): CodeIgniter\Debug\Exceptions->errorHandler(2, 'Undefined array key "category_id"', 'C:\\xampp\\htdocs\\apps\\app-liquidaciones\\app\\Views\\files\\downloads.php', 36)
 2 [internal function]: CodeIgniter\View\View->{closure}([...])
 3 APPPATH\Views\files\downloads.php(35): array_filter([...], Object(Closure))
 4 SYSTEMPATH\View\View.php(226): include('C:\\xampp\\htdocs\\apps\\app-liquidaciones\\app\\Views\\files\\downloads.php')
 5 SYSTEMPATH\View\View.php(229): CodeIgniter\View\View->CodeIgniter\View\{closure}()
 6 SYSTEMPATH\Common.php(1188): CodeIgniter\View\View->render('files/downloads', [], true)
 7 APPPATH\Controllers\FileController.php(28): view('files/downloads', [...])
 8 SYSTEMPATH\CodeIgniter.php(919): App\Controllers\FileController->index()
 9 SYSTEMPATH\CodeIgniter.php(494): CodeIgniter\CodeIgniter->runController(Object(App\Controllers\FileController))
10 SYSTEMPATH\CodeIgniter.php(353): CodeIgniter\CodeIgniter->handleRequest(null, Object(Config\Cache), false)
11 FCPATH\index.php(79): CodeIgniter\CodeIgniter->run()
CRITICAL - 2025-01-20 15:22:22 --> Undefined array key "id_file_type"
in APPPATH\Views\files\downloads.php on line 36.
 1 APPPATH\Views\files\downloads.php(36): CodeIgniter\Debug\Exceptions->errorHandler(2, 'Undefined array key "id_file_type"', 'C:\\xampp\\htdocs\\apps\\app-liquidaciones\\app\\Views\\files\\downloads.php', 36)
 2 [internal function]: CodeIgniter\View\View->{closure}([...])
 3 APPPATH\Views\files\downloads.php(35): array_filter([...], Object(Closure))
 4 SYSTEMPATH\View\View.php(226): include('C:\\xampp\\htdocs\\apps\\app-liquidaciones\\app\\Views\\files\\downloads.php')
 5 SYSTEMPATH\View\View.php(229): CodeIgniter\View\View->CodeIgniter\View\{closure}()
 6 SYSTEMPATH\Common.php(1188): CodeIgniter\View\View->render('files/downloads', [], true)
 7 APPPATH\Controllers\FileController.php(28): view('files/downloads', [...])
 8 SYSTEMPATH\CodeIgniter.php(919): App\Controllers\FileController->index()
 9 SYSTEMPATH\CodeIgniter.php(494): CodeIgniter\CodeIgniter->runController(Object(App\Controllers\FileController))
10 SYSTEMPATH\CodeIgniter.php(353): CodeIgniter\CodeIgniter->handleRequest(null, Object(Config\Cache), false)
11 FCPATH\index.php(79): CodeIgniter\CodeIgniter->run()
CRITICAL - 2025-01-20 15:23:18 --> Undefined array key "id_file_type"
in APPPATH\Views\files\downloads.php on line 36.
 1 APPPATH\Views\files\downloads.php(36): CodeIgniter\Debug\Exceptions->errorHandler(2, 'Undefined array key "id_file_type"', 'C:\\xampp\\htdocs\\apps\\app-liquidaciones\\app\\Views\\files\\downloads.php', 36)
 2 [internal function]: CodeIgniter\View\View->{closure}([...])
 3 APPPATH\Views\files\downloads.php(35): array_filter([...], Object(Closure))
 4 SYSTEMPATH\View\View.php(226): include('C:\\xampp\\htdocs\\apps\\app-liquidaciones\\app\\Views\\files\\downloads.php')
 5 SYSTEMPATH\View\View.php(229): CodeIgniter\View\View->CodeIgniter\View\{closure}()
 6 SYSTEMPATH\Common.php(1188): CodeIgniter\View\View->render('files/downloads', [], true)
 7 APPPATH\Controllers\FileController.php(28): view('files/downloads', [...])
 8 SYSTEMPATH\CodeIgniter.php(919): App\Controllers\FileController->index()
 9 SYSTEMPATH\CodeIgniter.php(494): CodeIgniter\CodeIgniter->runController(Object(App\Controllers\FileController))
10 SYSTEMPATH\CodeIgniter.php(353): CodeIgniter\CodeIgniter->handleRequest(null, Object(Config\Cache), false)
11 FCPATH\index.php(79): CodeIgniter\CodeIgniter->run()
CRITICAL - 2025-01-20 15:23:19 --> Undefined array key "id_file_type"
in APPPATH\Views\files\downloads.php on line 36.
 1 APPPATH\Views\files\downloads.php(36): CodeIgniter\Debug\Exceptions->errorHandler(2, 'Undefined array key "id_file_type"', 'C:\\xampp\\htdocs\\apps\\app-liquidaciones\\app\\Views\\files\\downloads.php', 36)
 2 [internal function]: CodeIgniter\View\View->{closure}([...])
 3 APPPATH\Views\files\downloads.php(35): array_filter([...], Object(Closure))
 4 SYSTEMPATH\View\View.php(226): include('C:\\xampp\\htdocs\\apps\\app-liquidaciones\\app\\Views\\files\\downloads.php')
 5 SYSTEMPATH\View\View.php(229): CodeIgniter\View\View->CodeIgniter\View\{closure}()
 6 SYSTEMPATH\Common.php(1188): CodeIgniter\View\View->render('files/downloads', [], true)
 7 APPPATH\Controllers\FileController.php(28): view('files/downloads', [...])
 8 SYSTEMPATH\CodeIgniter.php(919): App\Controllers\FileController->index()
 9 SYSTEMPATH\CodeIgniter.php(494): CodeIgniter\CodeIgniter->runController(Object(App\Controllers\FileController))
10 SYSTEMPATH\CodeIgniter.php(353): CodeIgniter\CodeIgniter->handleRequest(null, Object(Config\Cache), false)
11 FCPATH\index.php(79): CodeIgniter\CodeIgniter->run()
CRITICAL - 2025-01-20 15:24:22 --> Undefined array key "id_file_type"
in APPPATH\Views\files\downloads.php on line 36.
 1 APPPATH\Views\files\downloads.php(36): CodeIgniter\Debug\Exceptions->errorHandler(2, 'Undefined array key "id_file_type"', 'C:\\xampp\\htdocs\\apps\\app-liquidaciones\\app\\Views\\files\\downloads.php', 36)
 2 [internal function]: CodeIgniter\View\View->{closure}([...])
 3 APPPATH\Views\files\downloads.php(35): array_filter([...], Object(Closure))
 4 SYSTEMPATH\View\View.php(226): include('C:\\xampp\\htdocs\\apps\\app-liquidaciones\\app\\Views\\files\\downloads.php')
 5 SYSTEMPATH\View\View.php(229): CodeIgniter\View\View->CodeIgniter\View\{closure}()
 6 SYSTEMPATH\Common.php(1188): CodeIgniter\View\View->render('files/downloads', [], true)
 7 APPPATH\Controllers\FileController.php(28): view('files/downloads', [...])
 8 SYSTEMPATH\CodeIgniter.php(919): App\Controllers\FileController->index()
 9 SYSTEMPATH\CodeIgniter.php(494): CodeIgniter\CodeIgniter->runController(Object(App\Controllers\FileController))
10 SYSTEMPATH\CodeIgniter.php(353): CodeIgniter\CodeIgniter->handleRequest(null, Object(Config\Cache), false)
11 FCPATH\index.php(79): CodeIgniter\CodeIgniter->run()
CRITICAL - 2025-01-20 15:24:23 --> Undefined array key "id_file_type"
in APPPATH\Views\files\downloads.php on line 36.
 1 APPPATH\Views\files\downloads.php(36): CodeIgniter\Debug\Exceptions->errorHandler(2, 'Undefined array key "id_file_type"', 'C:\\xampp\\htdocs\\apps\\app-liquidaciones\\app\\Views\\files\\downloads.php', 36)
 2 [internal function]: CodeIgniter\View\View->{closure}([...])
 3 APPPATH\Views\files\downloads.php(35): array_filter([...], Object(Closure))
 4 SYSTEMPATH\View\View.php(226): include('C:\\xampp\\htdocs\\apps\\app-liquidaciones\\app\\Views\\files\\downloads.php')
 5 SYSTEMPATH\View\View.php(229): CodeIgniter\View\View->CodeIgniter\View\{closure}()
 6 SYSTEMPATH\Common.php(1188): CodeIgniter\View\View->render('files/downloads', [], true)
 7 APPPATH\Controllers\FileController.php(28): view('files/downloads', [...])
 8 SYSTEMPATH\CodeIgniter.php(919): App\Controllers\FileController->index()
 9 SYSTEMPATH\CodeIgniter.php(494): CodeIgniter\CodeIgniter->runController(Object(App\Controllers\FileController))
10 SYSTEMPATH\CodeIgniter.php(353): CodeIgniter\CodeIgniter->handleRequest(null, Object(Config\Cache), false)
11 FCPATH\index.php(79): CodeIgniter\CodeIgniter->run()
CRITICAL - 2025-01-20 15:24:24 --> Undefined array key "id_file_type"
in APPPATH\Views\files\downloads.php on line 36.
 1 APPPATH\Views\files\downloads.php(36): CodeIgniter\Debug\Exceptions->errorHandler(2, 'Undefined array key "id_file_type"', 'C:\\xampp\\htdocs\\apps\\app-liquidaciones\\app\\Views\\files\\downloads.php', 36)
 2 [internal function]: CodeIgniter\View\View->{closure}([...])
 3 APPPATH\Views\files\downloads.php(35): array_filter([...], Object(Closure))
 4 SYSTEMPATH\View\View.php(226): include('C:\\xampp\\htdocs\\apps\\app-liquidaciones\\app\\Views\\files\\downloads.php')
 5 SYSTEMPATH\View\View.php(229): CodeIgniter\View\View->CodeIgniter\View\{closure}()
 6 SYSTEMPATH\Common.php(1188): CodeIgniter\View\View->render('files/downloads', [], true)
 7 APPPATH\Controllers\FileController.php(28): view('files/downloads', [...])
 8 SYSTEMPATH\CodeIgniter.php(919): App\Controllers\FileController->index()
 9 SYSTEMPATH\CodeIgniter.php(494): CodeIgniter\CodeIgniter->runController(Object(App\Controllers\FileController))
10 SYSTEMPATH\CodeIgniter.php(353): CodeIgniter\CodeIgniter->handleRequest(null, Object(Config\Cache), false)
11 FCPATH\index.php(79): CodeIgniter\CodeIgniter->run()
CRITICAL - 2025-01-20 15:26:16 --> Undefined array key "name"
in APPPATH\Views\files\downloads.php on line 42.
 1 APPPATH\Views\files\downloads.php(42): CodeIgniter\Debug\Exceptions->errorHandler(2, 'Undefined array key "name"', 'C:\\xampp\\htdocs\\apps\\app-liquidaciones\\app\\Views\\files\\downloads.php', 42)
 2 SYSTEMPATH\View\View.php(226): include('C:\\xampp\\htdocs\\apps\\app-liquidaciones\\app\\Views\\files\\downloads.php')
 3 SYSTEMPATH\View\View.php(229): CodeIgniter\View\View->CodeIgniter\View\{closure}()
 4 SYSTEMPATH\Common.php(1188): CodeIgniter\View\View->render('files/downloads', [], true)
 5 APPPATH\Controllers\FileController.php(28): view('files/downloads', [...])
 6 SYSTEMPATH\CodeIgniter.php(919): App\Controllers\FileController->index()
 7 SYSTEMPATH\CodeIgniter.php(494): CodeIgniter\CodeIgniter->runController(Object(App\Controllers\FileController))
 8 SYSTEMPATH\CodeIgniter.php(353): CodeIgniter\CodeIgniter->handleRequest(null, Object(Config\Cache), false)
 9 FCPATH\index.php(79): CodeIgniter\CodeIgniter->run()
CRITICAL - 2025-01-20 15:26:35 --> Undefined array key "name"
in APPPATH\Views\files\downloads.php on line 42.
 1 APPPATH\Views\files\downloads.php(42): CodeIgniter\Debug\Exceptions->errorHandler(2, 'Undefined array key "name"', 'C:\\xampp\\htdocs\\apps\\app-liquidaciones\\app\\Views\\files\\downloads.php', 42)
 2 SYSTEMPATH\View\View.php(226): include('C:\\xampp\\htdocs\\apps\\app-liquidaciones\\app\\Views\\files\\downloads.php')
 3 SYSTEMPATH\View\View.php(229): CodeIgniter\View\View->CodeIgniter\View\{closure}()
 4 SYSTEMPATH\Common.php(1188): CodeIgniter\View\View->render('files/downloads', [], true)
 5 APPPATH\Controllers\FileController.php(28): view('files/downloads', [...])
 6 SYSTEMPATH\CodeIgniter.php(919): App\Controllers\FileController->index()
 7 SYSTEMPATH\CodeIgniter.php(494): CodeIgniter\CodeIgniter->runController(Object(App\Controllers\FileController))
 8 SYSTEMPATH\CodeIgniter.php(353): CodeIgniter\CodeIgniter->handleRequest(null, Object(Config\Cache), false)
 9 FCPATH\index.php(79): CodeIgniter\CodeIgniter->run()
CRITICAL - 2025-01-20 15:33:44 --> Undefined array key "name"
in APPPATH\Views\files\downloads.php on line 42.
 1 APPPATH\Views\files\downloads.php(42): CodeIgniter\Debug\Exceptions->errorHandler(2, 'Undefined array key "name"', 'C:\\xampp\\htdocs\\apps\\app-liquidaciones\\app\\Views\\files\\downloads.php', 42)
 2 SYSTEMPATH\View\View.php(226): include('C:\\xampp\\htdocs\\apps\\app-liquidaciones\\app\\Views\\files\\downloads.php')
 3 SYSTEMPATH\View\View.php(229): CodeIgniter\View\View->CodeIgniter\View\{closure}()
 4 SYSTEMPATH\Common.php(1188): CodeIgniter\View\View->render('files/downloads', [], true)
 5 APPPATH\Controllers\FileController.php(28): view('files/downloads', [...])
 6 SYSTEMPATH\CodeIgniter.php(919): App\Controllers\FileController->index()
 7 SYSTEMPATH\CodeIgniter.php(494): CodeIgniter\CodeIgniter->runController(Object(App\Controllers\FileController))
 8 SYSTEMPATH\CodeIgniter.php(353): CodeIgniter\CodeIgniter->handleRequest(null, Object(Config\Cache), false)
 9 FCPATH\index.php(79): CodeIgniter\CodeIgniter->run()
CRITICAL - 2025-01-20 15:39:40 --> Undefined variable $typeFiles
in APPPATH\Views\files\edit.php on line 83.
 1 APPPATH\Views\files\edit.php(83): CodeIgniter\Debug\Exceptions->errorHandler(2, 'Undefined variable $typeFiles', 'C:\\xampp\\htdocs\\apps\\app-liquidaciones\\app\\Views\\files\\edit.php', 83)
 2 SYSTEMPATH\View\View.php(226): include('C:\\xampp\\htdocs\\apps\\app-liquidaciones\\app\\Views\\files\\edit.php')
 3 SYSTEMPATH\View\View.php(229): CodeIgniter\View\View->CodeIgniter\View\{closure}()
 4 SYSTEMPATH\Common.php(1188): CodeIgniter\View\View->render('files/edit', [], true)
 5 APPPATH\Controllers\FileController.php(101): view('files/edit', [...])
 6 SYSTEMPATH\CodeIgniter.php(919): App\Controllers\FileController->edit('20')
 7 SYSTEMPATH\CodeIgniter.php(494): CodeIgniter\CodeIgniter->runController(Object(App\Controllers\FileController))
 8 SYSTEMPATH\CodeIgniter.php(353): CodeIgniter\CodeIgniter->handleRequest(null, Object(Config\Cache), false)
 9 FCPATH\index.php(79): CodeIgniter\CodeIgniter->run()
CRITICAL - 2025-01-20 15:42:53 --> Call to undefined method App\Models\FileModel::getftypes
in SYSTEMPATH\Model.php on line 873.
 1 APPPATH\Controllers\FileController.php(99): CodeIgniter\Model->__call('getftypes', [])
 2 SYSTEMPATH\CodeIgniter.php(919): App\Controllers\FileController->edit('20')
 3 SYSTEMPATH\CodeIgniter.php(494): CodeIgniter\CodeIgniter->runController(Object(App\Controllers\FileController))
 4 SYSTEMPATH\CodeIgniter.php(353): CodeIgniter\CodeIgniter->handleRequest(null, Object(Config\Cache), false)
 5 FCPATH\index.php(79): CodeIgniter\CodeIgniter->run()
CRITICAL - 2025-01-20 15:43:41 --> Cannot redeclare App\Controllers\FileController::edit()
in APPPATH\Controllers\FileController.php on line 110.
 1 [internal function]: CodeIgniter\Debug\Exceptions->shutdownHandler()
CRITICAL - 2025-01-20 15:43:53 --> Undefined variable $typeFiles
in APPPATH\Views\files\edit.php on line 83.
 1 APPPATH\Views\files\edit.php(83): CodeIgniter\Debug\Exceptions->errorHandler(2, 'Undefined variable $typeFiles', 'C:\\xampp\\htdocs\\apps\\app-liquidaciones\\app\\Views\\files\\edit.php', 83)
 2 SYSTEMPATH\View\View.php(226): include('C:\\xampp\\htdocs\\apps\\app-liquidaciones\\app\\Views\\files\\edit.php')
 3 SYSTEMPATH\View\View.php(229): CodeIgniter\View\View->CodeIgniter\View\{closure}()
 4 SYSTEMPATH\Common.php(1188): CodeIgniter\View\View->render('files/edit', [], true)
 5 APPPATH\Controllers\FileController.php(105): view('files/edit', [...])
 6 SYSTEMPATH\CodeIgniter.php(919): App\Controllers\FileController->edit('20')
 7 SYSTEMPATH\CodeIgniter.php(494): CodeIgniter\CodeIgniter->runController(Object(App\Controllers\FileController))
 8 SYSTEMPATH\CodeIgniter.php(353): CodeIgniter\CodeIgniter->handleRequest(null, Object(Config\Cache), false)
 9 FCPATH\index.php(79): CodeIgniter\CodeIgniter->run()
CRITICAL - 2025-01-20 15:44:25 --> Undefined variable $user_obj
in APPPATH\Views\files\edit.php on line 85.
 1 APPPATH\Views\files\edit.php(85): CodeIgniter\Debug\Exceptions->errorHandler(2, 'Undefined variable $user_obj', 'C:\\xampp\\htdocs\\apps\\app-liquidaciones\\app\\Views\\files\\edit.php', 85)
 2 SYSTEMPATH\View\View.php(226): include('C:\\xampp\\htdocs\\apps\\app-liquidaciones\\app\\Views\\files\\edit.php')
 3 SYSTEMPATH\View\View.php(229): CodeIgniter\View\View->CodeIgniter\View\{closure}()
 4 SYSTEMPATH\Common.php(1188): CodeIgniter\View\View->render('files/edit', [], true)
 5 APPPATH\Controllers\FileController.php(105): view('files/edit', [...])
 6 SYSTEMPATH\CodeIgniter.php(919): App\Controllers\FileController->edit('20')
 7 SYSTEMPATH\CodeIgniter.php(494): CodeIgniter\CodeIgniter->runController(Object(App\Controllers\FileController))
 8 SYSTEMPATH\CodeIgniter.php(353): CodeIgniter\CodeIgniter->handleRequest(null, Object(Config\Cache), false)
 9 FCPATH\index.php(79): CodeIgniter\CodeIgniter->run()
CRITICAL - 2025-01-20 15:50:34 --> syntax error, unexpected token ";"
in APPPATH\Views\files\downloads.php on line 42.
 1 SYSTEMPATH\View\View.php(229): CodeIgniter\View\View->CodeIgniter\View\{closure}()
 2 SYSTEMPATH\Common.php(1188): CodeIgniter\View\View->render('files/downloads', [], true)
 3 APPPATH\Controllers\FileController.php(28): view('files/downloads', [...])
 4 SYSTEMPATH\CodeIgniter.php(919): App\Controllers\FileController->index()
 5 SYSTEMPATH\CodeIgniter.php(494): CodeIgniter\CodeIgniter->runController(Object(App\Controllers\FileController))
 6 SYSTEMPATH\CodeIgniter.php(353): CodeIgniter\CodeIgniter->handleRequest(null, Object(Config\Cache), false)
 7 FCPATH\index.php(79): CodeIgniter\CodeIgniter->run()
