ERROR - 2025-02-18 12:32:03 --> Error connecting to the database: mysqli_sql_exception: Unknown database 'app_liquidacion' in C:\xampp\htdocs\apps\app-liquidaciones\system\Database\MySQLi\Connection.php:184
Stack trace:
#0 C:\xampp\htdocs\apps\app-liquidaciones\system\Database\MySQLi\Connection.php(184): mysqli->real_connect('localhost', 'root', Object(SensitiveParameterValue), 'app_liquidacion', 3306, '', 0)
#1 C:\xampp\htdocs\apps\app-liquidaciones\system\Database\BaseConnection.php(391): CodeIgniter\Database\MySQLi\Connection->connect(false)
#2 C:\xampp\htdocs\apps\app-liquidaciones\system\Database\BaseConnection.php(574): CodeIgniter\Database\BaseConnection->initialize()
#3 C:\xampp\htdocs\apps\app-liquidaciones\system\Database\BaseBuilder.php(1615): CodeIgniter\Database\BaseConnection->query('SELECT `tipo_de...', Array, false)
#4 C:\xampp\htdocs\apps\app-liquidaciones\app\Models\EmailsModel.php(82): CodeIgniter\Database\BaseBuilder->get()
#5 C:\xampp\htdocs\apps\app-liquidaciones\app\Controllers\Dashboard.php(19): App\Models\EmailsModel->getDenunciaStatistics()
#6 C:\xampp\htdocs\apps\app-liquidaciones\system\CodeIgniter.php(919): App\Controllers\Dashboard->index()
#7 C:\xampp\htdocs\apps\app-liquidaciones\system\CodeIgniter.php(494): CodeIgniter\CodeIgniter->runController(Object(App\Controllers\Dashboard))
#8 C:\xampp\htdocs\apps\app-liquidaciones\system\CodeIgniter.php(353): CodeIgniter\CodeIgniter->handleRequest(NULL, Object(Config\Cache), false)
#9 C:\xampp\htdocs\apps\app-liquidaciones\public\index.php(79): CodeIgniter\CodeIgniter->run()
#10 {main}

Next CodeIgniter\Database\Exceptions\DatabaseException: Unknown database 'app_liquidacion' in C:\xampp\htdocs\apps\app-liquidaciones\system\Database\MySQLi\Connection.php:229
Stack trace:
#0 C:\xampp\htdocs\apps\app-liquidaciones\system\Database\BaseConnection.php(391): CodeIgniter\Database\MySQLi\Connection->connect(false)
#1 C:\xampp\htdocs\apps\app-liquidaciones\system\Database\BaseConnection.php(574): CodeIgniter\Database\BaseConnection->initialize()
#2 C:\xampp\htdocs\apps\app-liquidaciones\system\Database\BaseBuilder.php(1615): CodeIgniter\Database\BaseConnection->query('SELECT `tipo_de...', Array, false)
#3 C:\xampp\htdocs\apps\app-liquidaciones\app\Models\EmailsModel.php(82): CodeIgniter\Database\BaseBuilder->get()
#4 C:\xampp\htdocs\apps\app-liquidaciones\app\Controllers\Dashboard.php(19): App\Models\EmailsModel->getDenunciaStatistics()
#5 C:\xampp\htdocs\apps\app-liquidaciones\system\CodeIgniter.php(919): App\Controllers\Dashboard->index()
#6 C:\xampp\htdocs\apps\app-liquidaciones\system\CodeIgniter.php(494): CodeIgniter\CodeIgniter->runController(Object(App\Controllers\Dashboard))
#7 C:\xampp\htdocs\apps\app-liquidaciones\system\CodeIgniter.php(353): CodeIgniter\CodeIgniter->handleRequest(NULL, Object(Config\Cache), false)
#8 C:\xampp\htdocs\apps\app-liquidaciones\public\index.php(79): CodeIgniter\CodeIgniter->run()
#9 {main}
CRITICAL - 2025-02-18 12:32:03 --> Unable to connect to the database.
Main connection [MySQLi]: Unknown database 'app_liquidacion'
in SYSTEMPATH\Database\BaseConnection.php on line 427.
 1 SYSTEMPATH\Database\BaseConnection.php(574): CodeIgniter\Database\BaseConnection->initialize()
 2 SYSTEMPATH\Database\BaseBuilder.php(1615): CodeIgniter\Database\BaseConnection->query('SELECT `tipo_denuncia`, COUNT(*) as count
FROM `denuncias`
GROUP BY `tipo_denuncia`
ORDER BY `count` DESC', [], false)
 3 APPPATH\Models\EmailsModel.php(82): CodeIgniter\Database\BaseBuilder->get()
 4 APPPATH\Controllers\Dashboard.php(19): App\Models\EmailsModel->getDenunciaStatistics()
 5 SYSTEMPATH\CodeIgniter.php(919): App\Controllers\Dashboard->index()
 6 SYSTEMPATH\CodeIgniter.php(494): CodeIgniter\CodeIgniter->runController(Object(App\Controllers\Dashboard))
 7 SYSTEMPATH\CodeIgniter.php(353): CodeIgniter\CodeIgniter->handleRequest(null, Object(Config\Cache), false)
 8 FCPATH\index.php(79): CodeIgniter\CodeIgniter->run()
ERROR - 2025-02-18 12:32:11 --> Error connecting to the database: mysqli_sql_exception: Unknown database 'app_liquidacion' in C:\xampp\htdocs\apps\app-liquidaciones\system\Database\MySQLi\Connection.php:184
Stack trace:
#0 C:\xampp\htdocs\apps\app-liquidaciones\system\Database\MySQLi\Connection.php(184): mysqli->real_connect('localhost', 'root', Object(SensitiveParameterValue), 'app_liquidacion', 3306, '', 0)
#1 C:\xampp\htdocs\apps\app-liquidaciones\system\Database\BaseConnection.php(391): CodeIgniter\Database\MySQLi\Connection->connect(false)
#2 C:\xampp\htdocs\apps\app-liquidaciones\system\Database\BaseConnection.php(574): CodeIgniter\Database\BaseConnection->initialize()
#3 C:\xampp\htdocs\apps\app-liquidaciones\system\Database\BaseBuilder.php(1615): CodeIgniter\Database\BaseConnection->query('SELECT `tipo_de...', Array, false)
#4 C:\xampp\htdocs\apps\app-liquidaciones\app\Models\EmailsModel.php(82): CodeIgniter\Database\BaseBuilder->get()
#5 C:\xampp\htdocs\apps\app-liquidaciones\app\Controllers\Dashboard.php(19): App\Models\EmailsModel->getDenunciaStatistics()
#6 C:\xampp\htdocs\apps\app-liquidaciones\system\CodeIgniter.php(919): App\Controllers\Dashboard->index()
#7 C:\xampp\htdocs\apps\app-liquidaciones\system\CodeIgniter.php(494): CodeIgniter\CodeIgniter->runController(Object(App\Controllers\Dashboard))
#8 C:\xampp\htdocs\apps\app-liquidaciones\system\CodeIgniter.php(353): CodeIgniter\CodeIgniter->handleRequest(NULL, Object(Config\Cache), false)
#9 C:\xampp\htdocs\apps\app-liquidaciones\public\index.php(79): CodeIgniter\CodeIgniter->run()
#10 {main}

Next CodeIgniter\Database\Exceptions\DatabaseException: Unknown database 'app_liquidacion' in C:\xampp\htdocs\apps\app-liquidaciones\system\Database\MySQLi\Connection.php:229
Stack trace:
#0 C:\xampp\htdocs\apps\app-liquidaciones\system\Database\BaseConnection.php(391): CodeIgniter\Database\MySQLi\Connection->connect(false)
#1 C:\xampp\htdocs\apps\app-liquidaciones\system\Database\BaseConnection.php(574): CodeIgniter\Database\BaseConnection->initialize()
#2 C:\xampp\htdocs\apps\app-liquidaciones\system\Database\BaseBuilder.php(1615): CodeIgniter\Database\BaseConnection->query('SELECT `tipo_de...', Array, false)
#3 C:\xampp\htdocs\apps\app-liquidaciones\app\Models\EmailsModel.php(82): CodeIgniter\Database\BaseBuilder->get()
#4 C:\xampp\htdocs\apps\app-liquidaciones\app\Controllers\Dashboard.php(19): App\Models\EmailsModel->getDenunciaStatistics()
#5 C:\xampp\htdocs\apps\app-liquidaciones\system\CodeIgniter.php(919): App\Controllers\Dashboard->index()
#6 C:\xampp\htdocs\apps\app-liquidaciones\system\CodeIgniter.php(494): CodeIgniter\CodeIgniter->runController(Object(App\Controllers\Dashboard))
#7 C:\xampp\htdocs\apps\app-liquidaciones\system\CodeIgniter.php(353): CodeIgniter\CodeIgniter->handleRequest(NULL, Object(Config\Cache), false)
#8 C:\xampp\htdocs\apps\app-liquidaciones\public\index.php(79): CodeIgniter\CodeIgniter->run()
#9 {main}
CRITICAL - 2025-02-18 12:32:11 --> Unable to connect to the database.
Main connection [MySQLi]: Unknown database 'app_liquidacion'
in SYSTEMPATH\Database\BaseConnection.php on line 427.
 1 SYSTEMPATH\Database\BaseConnection.php(574): CodeIgniter\Database\BaseConnection->initialize()
 2 SYSTEMPATH\Database\BaseBuilder.php(1615): CodeIgniter\Database\BaseConnection->query('SELECT `tipo_denuncia`, COUNT(*) as count
FROM `denuncias`
GROUP BY `tipo_denuncia`
ORDER BY `count` DESC', [], false)
 3 APPPATH\Models\EmailsModel.php(82): CodeIgniter\Database\BaseBuilder->get()
 4 APPPATH\Controllers\Dashboard.php(19): App\Models\EmailsModel->getDenunciaStatistics()
 5 SYSTEMPATH\CodeIgniter.php(919): App\Controllers\Dashboard->index()
 6 SYSTEMPATH\CodeIgniter.php(494): CodeIgniter\CodeIgniter->runController(Object(App\Controllers\Dashboard))
 7 SYSTEMPATH\CodeIgniter.php(353): CodeIgniter\CodeIgniter->handleRequest(null, Object(Config\Cache), false)
 8 FCPATH\index.php(79): CodeIgniter\CodeIgniter->run()
