CRITICAL - 2025-07-17 12:48:07 --> syntax error, unexpected token ";"
in APPPATH\Views\app\sidenav.php on line 5.
 1 SYSTEMPATH\View\View.php(229): CodeIgniter\View\View->CodeIgniter\View\{closure}()
 2 SYSTEMPATH\View\View.php(467): CodeIgniter\View\View->render('app/sidenav', null, true)
 3 APPPATH\Views\app\header.php(166): CodeIgniter\View\View->include('app/sidenav')
 4 SYSTEMPATH\View\View.php(226): include('C:\\xampp\\htdocs\\apps\\gest_atletas\\app\\Views\\app\\header.php')
 5 SYSTEMPATH\View\View.php(229): CodeIgniter\View\View->CodeIgniter\View\{closure}()
 6 SYSTEMPATH\View\View.php(467): CodeIgniter\View\View->render('app/header', null, true)
 7 APPPATH\Views\dashboard.php(1): CodeIgniter\View\View->include('app/header')
 8 SYSTEMPATH\View\View.php(226): include('C:\\xampp\\htdocs\\apps\\gest_atletas\\app\\Views\\dashboard.php')
 9 SYSTEMPATH\View\View.php(229): CodeIgniter\View\View->CodeIgniter\View\{closure}()
10 SYSTEMPATH\Common.php(1188): CodeIgniter\View\View->render('dashboard', [], true)
11 APPPATH\Controllers\Dashboard.php(40): view('dashboard', [...])
12 SYSTEMPATH\CodeIgniter.php(919): App\Controllers\Dashboard->index()
13 SYSTEMPATH\CodeIgniter.php(494): CodeIgniter\CodeIgniter->runController(Object(App\Controllers\Dashboard))
14 SYSTEMPATH\CodeIgniter.php(353): CodeIgniter\CodeIgniter->handleRequest(null, Object(Config\Cache), false)
15 FCPATH\index.php(79): CodeIgniter\CodeIgniter->run()
CRITICAL - 2025-07-17 12:49:39 --> syntax error, unexpected token ";"
in APPPATH\Views\app\sidenav.php on line 5.
 1 SYSTEMPATH\View\View.php(229): CodeIgniter\View\View->CodeIgniter\View\{closure}()
 2 SYSTEMPATH\View\View.php(467): CodeIgniter\View\View->render('app/sidenav', null, true)
 3 APPPATH\Views\app\header.php(166): CodeIgniter\View\View->include('app/sidenav')
 4 SYSTEMPATH\View\View.php(226): include('C:\\xampp\\htdocs\\apps\\gest_atletas\\app\\Views\\app\\header.php')
 5 SYSTEMPATH\View\View.php(229): CodeIgniter\View\View->CodeIgniter\View\{closure}()
 6 SYSTEMPATH\View\View.php(467): CodeIgniter\View\View->render('app/header', null, true)
 7 APPPATH\Views\dashboard.php(1): CodeIgniter\View\View->include('app/header')
 8 SYSTEMPATH\View\View.php(226): include('C:\\xampp\\htdocs\\apps\\gest_atletas\\app\\Views\\dashboard.php')
 9 SYSTEMPATH\View\View.php(229): CodeIgniter\View\View->CodeIgniter\View\{closure}()
10 SYSTEMPATH\Common.php(1188): CodeIgniter\View\View->render('dashboard', [], true)
11 APPPATH\Controllers\Dashboard.php(40): view('dashboard', [...])
12 SYSTEMPATH\CodeIgniter.php(919): App\Controllers\Dashboard->index()
13 SYSTEMPATH\CodeIgniter.php(494): CodeIgniter\CodeIgniter->runController(Object(App\Controllers\Dashboard))
14 SYSTEMPATH\CodeIgniter.php(353): CodeIgniter\CodeIgniter->handleRequest(null, Object(Config\Cache), false)
15 FCPATH\index.php(79): CodeIgniter\CodeIgniter->run()
CRITICAL - 2025-07-17 12:49:42 --> syntax error, unexpected token ";"
in APPPATH\Views\app\sidenav.php on line 5.
 1 SYSTEMPATH\View\View.php(229): CodeIgniter\View\View->CodeIgniter\View\{closure}()
 2 SYSTEMPATH\View\View.php(467): CodeIgniter\View\View->render('app/sidenav', null, true)
 3 APPPATH\Views\app\header.php(166): CodeIgniter\View\View->include('app/sidenav')
 4 SYSTEMPATH\View\View.php(226): include('C:\\xampp\\htdocs\\apps\\gest_atletas\\app\\Views\\app\\header.php')
 5 SYSTEMPATH\View\View.php(229): CodeIgniter\View\View->CodeIgniter\View\{closure}()
 6 SYSTEMPATH\View\View.php(467): CodeIgniter\View\View->render('app/header', null, true)
 7 APPPATH\Views\dashboard.php(1): CodeIgniter\View\View->include('app/header')
 8 SYSTEMPATH\View\View.php(226): include('C:\\xampp\\htdocs\\apps\\gest_atletas\\app\\Views\\dashboard.php')
 9 SYSTEMPATH\View\View.php(229): CodeIgniter\View\View->CodeIgniter\View\{closure}()
10 SYSTEMPATH\Common.php(1188): CodeIgniter\View\View->render('dashboard', [], true)
11 APPPATH\Controllers\Dashboard.php(40): view('dashboard', [...])
12 SYSTEMPATH\CodeIgniter.php(919): App\Controllers\Dashboard->index()
13 SYSTEMPATH\CodeIgniter.php(494): CodeIgniter\CodeIgniter->runController(Object(App\Controllers\Dashboard))
14 SYSTEMPATH\CodeIgniter.php(353): CodeIgniter\CodeIgniter->handleRequest(null, Object(Config\Cache), false)
15 FCPATH\index.php(79): CodeIgniter\CodeIgniter->run()
CRITICAL - 2025-07-17 13:19:12 --> Undefined variable $total_denuncias
in APPPATH\Views\app\shortcut.php on line 6.
 1 APPPATH\Views\app\shortcut.php(6): CodeIgniter\Debug\Exceptions->errorHandler(2, 'Undefined variable $total_denuncias', 'C:\\xampp\\htdocs\\apps\\gest_atletas\\app\\Views\\app\\shortcut.php', 6)
 2 SYSTEMPATH\View\View.php(226): include('C:\\xampp\\htdocs\\apps\\gest_atletas\\app\\Views\\app\\shortcut.php')
 3 SYSTEMPATH\View\View.php(229): CodeIgniter\View\View->CodeIgniter\View\{closure}()
 4 SYSTEMPATH\View\View.php(467): CodeIgniter\View\View->render('app/shortcut', null, true)
 5 APPPATH\Views\roles\index.php(29): CodeIgniter\View\View->include('app/shortcut')
 6 SYSTEMPATH\View\View.php(226): include('C:\\xampp\\htdocs\\apps\\gest_atletas\\app\\Views\\roles\\index.php')
 7 SYSTEMPATH\View\View.php(229): CodeIgniter\View\View->CodeIgniter\View\{closure}()
 8 SYSTEMPATH\Common.php(1188): CodeIgniter\View\View->render('roles/index', [], true)
 9 APPPATH\Controllers\Roles.php(21): view('roles/index', [...])
10 SYSTEMPATH\CodeIgniter.php(919): App\Controllers\Roles->index()
11 SYSTEMPATH\CodeIgniter.php(494): CodeIgniter\CodeIgniter->runController(Object(App\Controllers\Roles))
12 SYSTEMPATH\CodeIgniter.php(353): CodeIgniter\CodeIgniter->handleRequest(null, Object(Config\Cache), false)
13 FCPATH\index.php(79): CodeIgniter\CodeIgniter->run()
CRITICAL - 2025-07-17 13:19:18 --> Undefined variable $total_denuncias
in APPPATH\Views\app\shortcut.php on line 6.
 1 APPPATH\Views\app\shortcut.php(6): CodeIgniter\Debug\Exceptions->errorHandler(2, 'Undefined variable $total_denuncias', 'C:\\xampp\\htdocs\\apps\\gest_atletas\\app\\Views\\app\\shortcut.php', 6)
 2 SYSTEMPATH\View\View.php(226): include('C:\\xampp\\htdocs\\apps\\gest_atletas\\app\\Views\\app\\shortcut.php')
 3 SYSTEMPATH\View\View.php(229): CodeIgniter\View\View->CodeIgniter\View\{closure}()
 4 SYSTEMPATH\View\View.php(467): CodeIgniter\View\View->render('app/shortcut', null, true)
 5 APPPATH\Views\roles\index.php(29): CodeIgniter\View\View->include('app/shortcut')
 6 SYSTEMPATH\View\View.php(226): include('C:\\xampp\\htdocs\\apps\\gest_atletas\\app\\Views\\roles\\index.php')
 7 SYSTEMPATH\View\View.php(229): CodeIgniter\View\View->CodeIgniter\View\{closure}()
 8 SYSTEMPATH\Common.php(1188): CodeIgniter\View\View->render('roles/index', [], true)
 9 APPPATH\Controllers\Roles.php(21): view('roles/index', [...])
10 SYSTEMPATH\CodeIgniter.php(919): App\Controllers\Roles->index()
11 SYSTEMPATH\CodeIgniter.php(494): CodeIgniter\CodeIgniter->runController(Object(App\Controllers\Roles))
12 SYSTEMPATH\CodeIgniter.php(353): CodeIgniter\CodeIgniter->handleRequest(null, Object(Config\Cache), false)
13 FCPATH\index.php(79): CodeIgniter\CodeIgniter->run()
