CRITICAL - 2025-04-17 14:36:14 --> Undefined variable $denuncia
in APPPATH\Views\reports\index.php on line 154.
 1 APPPATH\Views\reports\index.php(154): CodeIgniter\Debug\Exceptions->errorHandler(2, 'Undefined variable $denuncia', 'C:\\xampp\\htdocs\\apps\\gestion_denuncias\\app\\Views\\reports\\index.php', 154)
 2 SYSTEMPATH\View\View.php(226): include('C:\\xampp\\htdocs\\apps\\gestion_denuncias\\app\\Views\\reports\\index.php')
 3 SYSTEMPATH\View\View.php(229): CodeIgniter\View\View->CodeIgniter\View\{closure}()
 4 SYSTEMPATH\Common.php(1188): CodeIgniter\View\View->render('reports/index', [], true)
 5 APPPATH\Controllers\DataTransferController.php(151): view('reports/index', [...])
 6 SYSTEMPATH\CodeIgniter.php(919): App\Controllers\DataTransferController->reports()
 7 SYSTEMPATH\CodeIgniter.php(494): CodeIgniter\CodeIgniter->runController(Object(App\Controllers\DataTransferController))
 8 SYSTEMPATH\CodeIgniter.php(353): CodeIgniter\CodeIgniter->handleRequest(null, Object(Config\Cache), false)
 9 FCPATH\index.php(79): CodeIgniter\CodeIgniter->run()
CRITICAL - 2025-04-17 14:36:42 --> Undefined variable $emai
in APPPATH\Views\reports\index.php on line 154.
 1 APPPATH\Views\reports\index.php(154): CodeIgniter\Debug\Exceptions->errorHandler(2, 'Undefined variable $emai', 'C:\\xampp\\htdocs\\apps\\gestion_denuncias\\app\\Views\\reports\\index.php', 154)
 2 SYSTEMPATH\View\View.php(226): include('C:\\xampp\\htdocs\\apps\\gestion_denuncias\\app\\Views\\reports\\index.php')
 3 SYSTEMPATH\View\View.php(229): CodeIgniter\View\View->CodeIgniter\View\{closure}()
 4 SYSTEMPATH\Common.php(1188): CodeIgniter\View\View->render('reports/index', [], true)
 5 APPPATH\Controllers\DataTransferController.php(151): view('reports/index', [...])
 6 SYSTEMPATH\CodeIgniter.php(919): App\Controllers\DataTransferController->reports()
 7 SYSTEMPATH\CodeIgniter.php(494): CodeIgniter\CodeIgniter->runController(Object(App\Controllers\DataTransferController))
 8 SYSTEMPATH\CodeIgniter.php(353): CodeIgniter\CodeIgniter->handleRequest(null, Object(Config\Cache), false)
 9 FCPATH\index.php(79): CodeIgniter\CodeIgniter->run()
CRITICAL - 2025-04-17 14:36:43 --> Undefined variable $emai
in APPPATH\Views\reports\index.php on line 154.
 1 APPPATH\Views\reports\index.php(154): CodeIgniter\Debug\Exceptions->errorHandler(2, 'Undefined variable $emai', 'C:\\xampp\\htdocs\\apps\\gestion_denuncias\\app\\Views\\reports\\index.php', 154)
 2 SYSTEMPATH\View\View.php(226): include('C:\\xampp\\htdocs\\apps\\gestion_denuncias\\app\\Views\\reports\\index.php')
 3 SYSTEMPATH\View\View.php(229): CodeIgniter\View\View->CodeIgniter\View\{closure}()
 4 SYSTEMPATH\Common.php(1188): CodeIgniter\View\View->render('reports/index', [], true)
 5 APPPATH\Controllers\DataTransferController.php(151): view('reports/index', [...])
 6 SYSTEMPATH\CodeIgniter.php(919): App\Controllers\DataTransferController->reports()
 7 SYSTEMPATH\CodeIgniter.php(494): CodeIgniter\CodeIgniter->runController(Object(App\Controllers\DataTransferController))
 8 SYSTEMPATH\CodeIgniter.php(353): CodeIgniter\CodeIgniter->handleRequest(null, Object(Config\Cache), false)
 9 FCPATH\index.php(79): CodeIgniter\CodeIgniter->run()
CRITICAL - 2025-04-17 15:24:48 --> Undefined property: App\Controllers\DataTransferController::$emailsModel
in APPPATH\Controllers\DataTransferController.php on line 350.
 1 APPPATH\Controllers\DataTransferController.php(350): CodeIgniter\Debug\Exceptions->errorHandler(2, 'Undefined property: App\\Controllers\\DataTransferController::$emailsModel', 'C:\\xampp\\htdocs\\apps\\gestion_denuncias\\app\\Controllers\\DataTransferController.php', 350)
 2 SYSTEMPATH\CodeIgniter.php(919): App\Controllers\DataTransferController->exportpdf('175')
 3 SYSTEMPATH\CodeIgniter.php(494): CodeIgniter\CodeIgniter->runController(Object(App\Controllers\DataTransferController))
 4 SYSTEMPATH\CodeIgniter.php(353): CodeIgniter\CodeIgniter->handleRequest(null, Object(Config\Cache), false)
 5 FCPATH\index.php(79): CodeIgniter\CodeIgniter->run()
CRITICAL - 2025-04-17 15:24:55 --> Undefined property: App\Controllers\DataTransferController::$emailsModel
in APPPATH\Controllers\DataTransferController.php on line 350.
 1 APPPATH\Controllers\DataTransferController.php(350): CodeIgniter\Debug\Exceptions->errorHandler(2, 'Undefined property: App\\Controllers\\DataTransferController::$emailsModel', 'C:\\xampp\\htdocs\\apps\\gestion_denuncias\\app\\Controllers\\DataTransferController.php', 350)
 2 SYSTEMPATH\CodeIgniter.php(919): App\Controllers\DataTransferController->exportpdf('175')
 3 SYSTEMPATH\CodeIgniter.php(494): CodeIgniter\CodeIgniter->runController(Object(App\Controllers\DataTransferController))
 4 SYSTEMPATH\CodeIgniter.php(353): CodeIgniter\CodeIgniter->handleRequest(null, Object(Config\Cache), false)
 5 FCPATH\index.php(79): CodeIgniter\CodeIgniter->run()
CRITICAL - 2025-04-17 15:29:02 --> Undefined array key "fecha"
in APPPATH\Views\reports\pdf_template.php on line 76.
 1 APPPATH\Views\reports\pdf_template.php(76): CodeIgniter\Debug\Exceptions->errorHandler(2, 'Undefined array key "fecha"', 'C:\\xampp\\htdocs\\apps\\gestion_denuncias\\app\\Views\\reports\\pdf_template.php', 76)
 2 SYSTEMPATH\View\View.php(226): include('C:\\xampp\\htdocs\\apps\\gestion_denuncias\\app\\Views\\reports\\pdf_template.php')
 3 SYSTEMPATH\View\View.php(229): CodeIgniter\View\View->CodeIgniter\View\{closure}()
 4 SYSTEMPATH\Common.php(1188): CodeIgniter\View\View->render('reports/pdf_template', [], true)
 5 APPPATH\Controllers\DataTransferController.php(362): view('reports/pdf_template', [...])
 6 SYSTEMPATH\CodeIgniter.php(919): App\Controllers\DataTransferController->exportpdf('175')
 7 SYSTEMPATH\CodeIgniter.php(494): CodeIgniter\CodeIgniter->runController(Object(App\Controllers\DataTransferController))
 8 SYSTEMPATH\CodeIgniter.php(353): CodeIgniter\CodeIgniter->handleRequest(null, Object(Config\Cache), false)
 9 FCPATH\index.php(79): CodeIgniter\CodeIgniter->run()
CRITICAL - 2025-04-17 15:33:46 --> Class "Dompdf\Options" not found
in APPPATH\Controllers\DataTransferController.php on line 365.
 1 SYSTEMPATH\CodeIgniter.php(919): App\Controllers\DataTransferController->exportpdf('175')
 2 SYSTEMPATH\CodeIgniter.php(494): CodeIgniter\CodeIgniter->runController(Object(App\Controllers\DataTransferController))
 3 SYSTEMPATH\CodeIgniter.php(353): CodeIgniter\CodeIgniter->handleRequest(null, Object(Config\Cache), false)
 4 FCPATH\index.php(79): CodeIgniter\CodeIgniter->run()
CRITICAL - 2025-04-17 15:33:53 --> Class "Dompdf\Options" not found
in APPPATH\Controllers\DataTransferController.php on line 365.
 1 SYSTEMPATH\CodeIgniter.php(919): App\Controllers\DataTransferController->exportpdf('173')
 2 SYSTEMPATH\CodeIgniter.php(494): CodeIgniter\CodeIgniter->runController(Object(App\Controllers\DataTransferController))
 3 SYSTEMPATH\CodeIgniter.php(353): CodeIgniter\CodeIgniter->handleRequest(null, Object(Config\Cache), false)
 4 FCPATH\index.php(79): CodeIgniter\CodeIgniter->run()
CRITICAL - 2025-04-17 15:34:17 --> Class "Dompdf\Options" not found
in APPPATH\Controllers\DataTransferController.php on line 365.
 1 SYSTEMPATH\CodeIgniter.php(919): App\Controllers\DataTransferController->exportpdf('173')
 2 SYSTEMPATH\CodeIgniter.php(494): CodeIgniter\CodeIgniter->runController(Object(App\Controllers\DataTransferController))
 3 SYSTEMPATH\CodeIgniter.php(353): CodeIgniter\CodeIgniter->handleRequest(null, Object(Config\Cache), false)
 4 FCPATH\index.php(79): CodeIgniter\CodeIgniter->run()
CRITICAL - 2025-04-17 15:35:32 --> Class "Dompdf\Options" not found
in APPPATH\Controllers\DataTransferController.php on line 365.
 1 SYSTEMPATH\CodeIgniter.php(919): App\Controllers\DataTransferController->exportpdf('173')
 2 SYSTEMPATH\CodeIgniter.php(494): CodeIgniter\CodeIgniter->runController(Object(App\Controllers\DataTransferController))
 3 SYSTEMPATH\CodeIgniter.php(353): CodeIgniter\CodeIgniter->handleRequest(null, Object(Config\Cache), false)
 4 FCPATH\index.php(79): CodeIgniter\CodeIgniter->run()
CRITICAL - 2025-04-17 15:35:35 --> Class "Dompdf\Options" not found
in APPPATH\Controllers\DataTransferController.php on line 365.
 1 SYSTEMPATH\CodeIgniter.php(919): App\Controllers\DataTransferController->exportpdf('172')
 2 SYSTEMPATH\CodeIgniter.php(494): CodeIgniter\CodeIgniter->runController(Object(App\Controllers\DataTransferController))
 3 SYSTEMPATH\CodeIgniter.php(353): CodeIgniter\CodeIgniter->handleRequest(null, Object(Config\Cache), false)
 4 FCPATH\index.php(79): CodeIgniter\CodeIgniter->run()
